<?xml version="1.0" encoding="UTF-8"?>
<robot generator="Robot 6.1.1 (Python 3.12.4 on win32)" generated="20250305 14:05:38.906" rpa="false" schemaversion="4">
<suite id="s1" name="Appetizers" source="C:\MamaeatzMobileAutomationTesting\TestCases\Appetizers.robot">
<test id="s1-t1" name="Place an order" line="8">
<kw name="Opening the application" library="OpenApplication">
<kw name="Open Application" library="AppiumLibrary">
<arg>${server_url}</arg>
<arg>platformName=${platform_name}</arg>
<arg>deviceName=${device_name}</arg>
<arg>appPackage=${app_package}</arg>
<arg>appActivity=${app_activity}</arg>
<arg>automationName=${automation_name}</arg>
<arg>noReset=${no_reset}</arg>
<arg>fullReset=${full_reset}</arg>
<doc>Opens a new application to given Appium server.
Capabilities of appium server, Android and iOS,
Please check https://appium.io/docs/en/2.1/cli/args/
| *Option*            | *Man.* | *Description*     |
| remote_url          | Yes    | Appium server url |
| alias               | no     | alias             |
| strict_ssl          | No     | allows you to send commands to an invalid certificate host like a self-signed one. |</doc>
<status status="PASS" starttime="20250305 14:05:39.225" endtime="20250305 14:05:45.256"/>
</kw>
<status status="PASS" starttime="20250305 14:05:39.225" endtime="20250305 14:05:45.256"/>
</kw>
<status status="PASS" starttime="20250305 14:05:39.224" endtime="20250305 14:05:45.257"/>
</test>
<test id="s1-t2" name="Category" line="11">
<kw name="Appetizers" library="HomePage">
<kw name="Wait Until Page Contains Element" library="AppiumLibrary">
<arg>${Appetizers}</arg>
<arg>timeout=80s</arg>
<doc>Waits until element specified with `locator` appears on current page.</doc>
<msg timestamp="20250305 14:05:56.702" level="INFO">xpath criteria: //android.view.ViewGroup[@content-desc="Appetizers"]/android.view.ViewGroup/android.widget.ImageView
xpath criteria: //android.view.ViewGroup[@content-desc="Appetizers"]/android.view.ViewGroup/android.widget.ImageView
xpath criteria: //android.view.ViewGroup[@content-desc="Appetizers"]/android.view.ViewGroup/android.widget.ImageView
xpath criteria: //android.view.ViewGroup[@content-desc="Appetizers"]/android.view.ViewGroup/android.widget.ImageView
xpath criteria: //android.view.ViewGroup[@content-desc="Appetizers"]/android.view.ViewGroup/android.widget.ImageView
xpath criteria: //android.view.ViewGroup[@content-desc="Appetizers"]/android.view.ViewGroup/android.widget.ImageView
xpath criteria: //android.view.ViewGroup[@content-desc="Appetizers"]/android.view.ViewGroup/android.widget.ImageView
xpath criteria: //android.view.ViewGroup[@content-desc="Appetizers"]/android.view.ViewGroup/android.widget.ImageView
xpath criteria: //android.view.ViewGroup[@content-desc="Appetizers"]/android.view.ViewGroup/android.widget.ImageView
xpath criteria: //android.view.ViewGroup[@content-desc="Appetizers"]/android.view.ViewGroup/android.widget.ImageView
xpath criteria: //android.view.ViewGroup[@content-desc="Appetizers"]/android.view.ViewGroup/android.widget.ImageView
xpath criteria: //android.view.ViewGroup[@content-desc="Appetizers"]/android.view.ViewGroup/android.widget.ImageView
xpath criteria: //android.view.ViewGroup[@content-desc="Appetizers"]/android.view.ViewGroup/android.widget.ImageView
xpath criteria: //android.view.ViewGroup[@content-desc="Appetizers"]/android.view.ViewGroup/android.widget.ImageView
xpath criteria: //android.view.ViewGroup[@content-desc="Appetizers"]/android.view.ViewGroup/android.widget.ImageView
xpath criteria: //android.view.ViewGroup[@content-desc="Appetizers"]/android.view.ViewGroup/android.widget.ImageView
xpath criteria: //android.view.ViewGroup[@content-desc="Appetizers"]/android.view.ViewGroup/android.widget.ImageView
xpath criteria: //android.view.ViewGroup[@content-desc="Appetizers"]/android.view.ViewGroup/android.widget.ImageView
xpath criteria: //android.view.ViewGroup[@content-desc="Appetizers"]/android.view.ViewGroup/android.widget.ImageView
xpath criteria: //android.view.ViewGroup[@content-desc="Appetizers"]/android.view.ViewGroup/android.widget.ImageView
xpath criteria: //android.view.ViewGroup[@content-desc="Appetizers"]/android.view.ViewGroup/android.widget.ImageView
xpath criteria: //android.view.ViewGroup[@content-desc="Appetizers"]/android.view.ViewGroup/android.widget.ImageView
xpath criteria: //android.view.ViewGroup[@content-desc="Appetizers"]/android.view.ViewGroup/android.widget.ImageView
xpath criteria: //android.view.ViewGroup[@content-desc="Appetizers"]/android.view.ViewGroup/android.widget.ImageView
xpath criteria: //android.view.ViewGroup[@content-desc="Appetizers"]/android.view.ViewGroup/android.widget.ImageView
xpath criteria: //android.view.ViewGroup[@content-desc="Appetizers"]/android.view.ViewGroup/android.widget.ImageView
xpath criteria: //android.view.ViewGroup[@content-desc="Appetizers"]/android.view.ViewGroup/android.widget.ImageView
xpath criteria: //android.view.ViewGroup[@content-desc="Appetizers"]/android.view.ViewGroup/android.widget.ImageView</msg>
<status status="PASS" starttime="20250305 14:05:45.258" endtime="20250305 14:05:56.702"/>
</kw>
<kw name="Click Element" library="AppiumLibrary">
<arg>${Appetizers}</arg>
<doc>Click element identified by `locator`.</doc>
<msg timestamp="20250305 14:05:56.712" level="INFO">Clicking element '//android.view.ViewGroup[@content-desc="Appetizers"]/android.view.ViewGroup/android.widget.ImageView'.</msg>
<msg timestamp="20250305 14:05:56.987" level="INFO">xpath criteria: //android.view.ViewGroup[@content-desc="Appetizers"]/android.view.ViewGroup/android.widget.ImageView</msg>
<status status="PASS" starttime="20250305 14:05:56.702" endtime="20250305 14:05:56.987"/>
</kw>
<status status="PASS" starttime="20250305 14:05:45.258" endtime="20250305 14:05:56.987"/>
</kw>
<status status="PASS" starttime="20250305 14:05:45.257" endtime="20250305 14:05:56.988"/>
</test>
<test id="s1-t3" name="Sub category" line="13">
<kw name="babyCorn" library="Appetizers">
<kw name="Wait Until Element Is Visible" library="AppiumLibrary">
<arg>${BabyCorn}</arg>
<arg>timeout=80s</arg>
<doc>Waits until element specified with `locator` is visible.</doc>
<msg timestamp="20250305 14:05:59.144" level="INFO">xpath criteria: //android.widget.ScrollView/android.view.ViewGroup/android.view.ViewGroup[1]/android.view.ViewGroup/android.widget.TextView[@text="Baby Corn"]/following-sibling::android.view.ViewGroup
xpath criteria: //android.widget.ScrollView/android.view.ViewGroup/android.view.ViewGroup[1]/android.view.ViewGroup/android.widget.TextView[@text="Baby Corn"]/following-sibling::android.view.ViewGroup</msg>
<status status="PASS" starttime="20250305 14:05:56.990" endtime="20250305 14:05:59.146"/>
</kw>
<kw name="Wait Until Page Contains Element" library="AppiumLibrary">
<arg>${BabyCorn}</arg>
<arg>timeout=80s</arg>
<doc>Waits until element specified with `locator` appears on current page.</doc>
<msg timestamp="20250305 14:05:59.242" level="INFO">xpath criteria: //android.widget.ScrollView/android.view.ViewGroup/android.view.ViewGroup[1]/android.view.ViewGroup/android.widget.TextView[@text="Baby Corn"]/following-sibling::android.view.ViewGroup</msg>
<status status="PASS" starttime="20250305 14:05:59.146" endtime="20250305 14:05:59.242"/>
</kw>
<kw name="Click Element" library="AppiumLibrary">
<arg>${BabyCorn}</arg>
<doc>Click element identified by `locator`.</doc>
<msg timestamp="20250305 14:05:59.247" level="INFO">Clicking element '//android.widget.ScrollView/android.view.ViewGroup/android.view.ViewGroup[1]/android.view.ViewGroup/android.widget.TextView[@text="Baby Corn"]/following-sibling::android.view.ViewGroup'.</msg>
<msg timestamp="20250305 14:05:59.377" level="INFO">xpath criteria: //android.widget.ScrollView/android.view.ViewGroup/android.view.ViewGroup[1]/android.view.ViewGroup/android.widget.TextView[@text="Baby Corn"]/following-sibling::android.view.ViewGroup</msg>
<status status="PASS" starttime="20250305 14:05:59.242" endtime="20250305 14:05:59.377"/>
</kw>
<status status="PASS" starttime="20250305 14:05:56.989" endtime="20250305 14:05:59.377"/>
</kw>
<kw name="BabyCornManchurian" library="Appetizers">
<kw name="Wait Until Page Contains Element" library="AppiumLibrary">
<arg>${BabyCornmanch}</arg>
<arg>timeout=80s</arg>
<doc>Waits until element specified with `locator` appears on current page.</doc>
<msg timestamp="20250305 14:06:00.424" level="INFO">xpath criteria: //android.view.ViewGroup[@content-desc="Babycorn Manchurian, Baby corn in a tangy, saucy Manchurian style., $ 12.99"]//following-sibling::android.widget.TextView[@text="Babycorn Manchurian"]/following-sibling::android.view.ViewGroup[@content-desc=""]
xpath criteria: //android.view.ViewGroup[@content-desc="Babycorn Manchurian, Baby corn in a tangy, saucy Manchurian style., $ 12.99"]//following-sibling::android.widget.TextView[@text="Babycorn Manchurian"]/following-sibling::android.view.ViewGroup[@content-desc=""]</msg>
<status status="PASS" starttime="20250305 14:05:59.378" endtime="20250305 14:06:00.424"/>
</kw>
<kw name="Click Element" library="AppiumLibrary">
<arg>${BabyCornmanch}</arg>
<doc>Click element identified by `locator`.</doc>
<msg timestamp="20250305 14:06:00.430" level="INFO">Clicking element '//android.view.ViewGroup[@content-desc="Babycorn Manchurian, Baby corn in a tangy, saucy Manchurian style., $ 12.99"]//following-sibling::android.widget.TextView[@text="Babycorn Manchurian"]/following-sibling::android.view.ViewGroup[@content-desc=""]'.</msg>
<msg timestamp="20250305 14:06:00.588" level="INFO">xpath criteria: //android.view.ViewGroup[@content-desc="Babycorn Manchurian, Baby corn in a tangy, saucy Manchurian style., $ 12.99"]//following-sibling::android.widget.TextView[@text="Babycorn Manchurian"]/following-sibling::android.view.ViewGroup[@content-desc=""]</msg>
<status status="PASS" starttime="20250305 14:06:00.424" endtime="20250305 14:06:00.588"/>
</kw>
<status status="PASS" starttime="20250305 14:05:59.378" endtime="20250305 14:06:00.588"/>
</kw>
<status status="PASS" starttime="20250305 14:05:56.988" endtime="20250305 14:06:00.589"/>
</test>
<test id="s1-t4" name="Variants" line="19">
<kw name="SpiceMedium" library="Appetizers">
<kw name="Wait Until Page Contains Element" library="AppiumLibrary">
<arg>${Medium}</arg>
<arg>timeout=60s</arg>
<doc>Waits until element specified with `locator` appears on current page.</doc>
<msg timestamp="20250305 14:06:02.514" level="INFO">xpath criteria: //android.widget.HorizontalScrollView/android.view.ViewGroup/android.view.ViewGroup[2]/android.view.ViewGroup/android.view.ViewGroup/android.widget.ImageView
xpath criteria: //android.widget.HorizontalScrollView/android.view.ViewGroup/android.view.ViewGroup[2]/android.view.ViewGroup/android.view.ViewGroup/android.widget.ImageView</msg>
<status status="PASS" starttime="20250305 14:06:00.591" endtime="20250305 14:06:02.514"/>
</kw>
<kw name="Click Element" library="AppiumLibrary">
<arg>${Medium}</arg>
<doc>Click element identified by `locator`.</doc>
<msg timestamp="20250305 14:06:02.520" level="INFO">Clicking element '//android.widget.HorizontalScrollView/android.view.ViewGroup/android.view.ViewGroup[2]/android.view.ViewGroup/android.view.ViewGroup/android.widget.ImageView'.</msg>
<msg timestamp="20250305 14:06:02.629" level="INFO">xpath criteria: //android.widget.HorizontalScrollView/android.view.ViewGroup/android.view.ViewGroup[2]/android.view.ViewGroup/android.view.ViewGroup/android.widget.ImageView</msg>
<status status="PASS" starttime="20250305 14:06:02.514" endtime="20250305 14:06:02.629"/>
</kw>
<status status="PASS" starttime="20250305 14:06:00.591" endtime="20250305 14:06:02.629"/>
</kw>
<kw name="AddBut" library="Appetizers">
<kw name="Wait Until Page Contains Element" library="AppiumLibrary">
<arg>${Add}</arg>
<arg>timeout=60s</arg>
<doc>Waits until element specified with `locator` appears on current page.</doc>
<msg timestamp="20250305 14:06:02.696" level="INFO">xpath criteria: //android.widget.TextView[@text="Add"]</msg>
<status status="PASS" starttime="20250305 14:06:02.631" endtime="20250305 14:06:02.696"/>
</kw>
<kw name="Click Element" library="AppiumLibrary">
<arg>${Add}</arg>
<doc>Click element identified by `locator`.</doc>
<msg timestamp="20250305 14:06:02.702" level="INFO">Clicking element '//android.widget.TextView[@text="Add"]'.</msg>
<msg timestamp="20250305 14:06:02.855" level="INFO">xpath criteria: //android.widget.TextView[@text="Add"]</msg>
<status status="PASS" starttime="20250305 14:06:02.696" endtime="20250305 14:06:02.856"/>
</kw>
<status status="PASS" starttime="20250305 14:06:02.631" endtime="20250305 14:06:02.856"/>
</kw>
<kw name="Addcart" library="Appetizers">
<kw name="Wait Until Page Contains Element" library="AppiumLibrary">
<arg>${Addcart}</arg>
<arg>timeout=60s</arg>
<doc>Waits until element specified with `locator` appears on current page.</doc>
<msg timestamp="20250305 14:06:02.979" level="INFO">xpath criteria: //android.widget.TextView[@text="Add To Cart"]</msg>
<status status="PASS" starttime="20250305 14:06:02.857" endtime="20250305 14:06:02.979"/>
</kw>
<kw name="Click Element" library="AppiumLibrary">
<arg>${Addcart}</arg>
<doc>Click element identified by `locator`.</doc>
<msg timestamp="20250305 14:06:02.982" level="INFO">Clicking element '//android.widget.TextView[@text="Add To Cart"]'.</msg>
<msg timestamp="20250305 14:06:03.649" level="INFO">xpath criteria: //android.widget.TextView[@text="Add To Cart"]</msg>
<status status="PASS" starttime="20250305 14:06:02.979" endtime="20250305 14:06:03.649"/>
</kw>
<status status="PASS" starttime="20250305 14:06:02.856" endtime="20250305 14:06:03.649"/>
</kw>
<status status="PASS" starttime="20250305 14:06:00.589" endtime="20250305 14:06:03.650"/>
</test>
<test id="s1-t5" name="Cart Page" line="23">
<kw name="Cart" library="HomePage">
<kw name="Wait Until Page Contains Element" library="AppiumLibrary">
<arg>${Cart}</arg>
<arg>timeout=80s</arg>
<doc>Waits until element specified with `locator` appears on current page.</doc>
<msg timestamp="20250305 14:06:04.971" level="INFO">xpath criteria: //android.widget.Button[@content-desc="1, Cart"]/android.widget.ImageView
xpath criteria: //android.widget.Button[@content-desc="1, Cart"]/android.widget.ImageView
xpath criteria: //android.widget.Button[@content-desc="1, Cart"]/android.widget.ImageView
xpath criteria: //android.widget.Button[@content-desc="1, Cart"]/android.widget.ImageView</msg>
<status status="PASS" starttime="20250305 14:06:03.652" endtime="20250305 14:06:04.971"/>
</kw>
<kw name="Click Element" library="AppiumLibrary">
<arg>${Cart}</arg>
<doc>Click element identified by `locator`.</doc>
<msg timestamp="20250305 14:06:04.976" level="INFO">Clicking element '//android.widget.Button[@content-desc="1, Cart"]/android.widget.ImageView'.</msg>
<msg timestamp="20250305 14:06:05.095" level="INFO">xpath criteria: //android.widget.Button[@content-desc="1, Cart"]/android.widget.ImageView</msg>
<status status="PASS" starttime="20250305 14:06:04.971" endtime="20250305 14:06:05.095"/>
</kw>
<status status="PASS" starttime="20250305 14:06:03.652" endtime="20250305 14:06:05.095"/>
</kw>
<kw name="Cartpageproceed" library="Appetizers">
<kw name="Wait Until Page Contains Element" library="AppiumLibrary">
<arg>${cartproceed}</arg>
<arg>timeout=60s</arg>
<doc>Waits until element specified with `locator` appears on current page.</doc>
<msg timestamp="20250305 14:06:06.053" level="INFO">xpath criteria: //android.widget.TextView[@text="Proceed"]</msg>
<status status="PASS" starttime="20250305 14:06:05.097" endtime="20250305 14:06:06.053"/>
</kw>
<kw name="Click Element" library="AppiumLibrary">
<arg>${cartproceed}</arg>
<doc>Click element identified by `locator`.</doc>
<msg timestamp="20250305 14:06:06.057" level="INFO">Clicking element '//android.widget.TextView[@text="Proceed"]'.</msg>
<msg timestamp="20250305 14:06:06.190" level="INFO">xpath criteria: //android.widget.TextView[@text="Proceed"]</msg>
<status status="PASS" starttime="20250305 14:06:06.053" endtime="20250305 14:06:06.190"/>
</kw>
<status status="PASS" starttime="20250305 14:06:05.096" endtime="20250305 14:06:06.191"/>
</kw>
<status status="PASS" starttime="20250305 14:06:03.650" endtime="20250305 14:06:06.191"/>
</test>
<test id="s1-t6" name="Select preference" line="27">
<kw name="Quick" library="Appetizers">
<kw name="Wait Until Page Contains Element" library="AppiumLibrary">
<arg>${QuickOrder}</arg>
<arg>timeout=60s</arg>
<doc>Waits until element specified with `locator` appears on current page.</doc>
<msg timestamp="20250305 14:06:08.314" level="INFO">xpath criteria: //android.view.ViewGroup[@content-desc="Quick Order"]
xpath criteria: //android.view.ViewGroup[@content-desc="Quick Order"]
xpath criteria: //android.view.ViewGroup[@content-desc="Quick Order"]</msg>
<status status="PASS" starttime="20250305 14:06:06.193" endtime="20250305 14:06:08.315"/>
</kw>
<kw name="Click Element" library="AppiumLibrary">
<arg>${QuickOrder}</arg>
<doc>Click element identified by `locator`.</doc>
<msg timestamp="20250305 14:06:08.324" level="INFO">Clicking element '//android.view.ViewGroup[@content-desc="Quick Order"]'.</msg>
<msg timestamp="20250305 14:06:08.412" level="INFO">xpath criteria: //android.view.ViewGroup[@content-desc="Quick Order"]</msg>
<status status="PASS" starttime="20250305 14:06:08.315" endtime="20250305 14:06:08.413"/>
</kw>
<status status="PASS" starttime="20250305 14:06:06.193" endtime="20250305 14:06:08.413"/>
</kw>
<status status="PASS" starttime="20250305 14:06:06.191" endtime="20250305 14:06:08.414"/>
</test>
<test id="s1-t7" name="Checkout" line="30">
<kw name="proceed" library="Appetizers">
<kw name="Wait Until Page Contains Element" library="AppiumLibrary">
<arg>${proceedtopay}</arg>
<arg>timeout=60s</arg>
<doc>Waits until element specified with `locator` appears on current page.</doc>
<msg timestamp="20250305 14:06:09.517" level="INFO">xpath criteria: //android.widget.TextView[@text=""]
xpath criteria: //android.widget.TextView[@text=""]</msg>
<status status="PASS" starttime="20250305 14:06:08.415" endtime="20250305 14:06:09.517"/>
</kw>
<kw name="Click Element" library="AppiumLibrary">
<arg>${proceedtopay}</arg>
<doc>Click element identified by `locator`.</doc>
<msg timestamp="20250305 14:06:09.528" level="INFO">Clicking element '//android.widget.TextView[@text=""]'.</msg>
<msg timestamp="20250305 14:06:10.745" level="INFO">xpath criteria: //android.widget.TextView[@text=""]</msg>
<status status="PASS" starttime="20250305 14:06:09.518" endtime="20250305 14:06:10.745"/>
</kw>
<status status="PASS" starttime="20250305 14:06:08.415" endtime="20250305 14:06:10.747"/>
</kw>
<status status="PASS" starttime="20250305 14:06:08.414" endtime="20250305 14:06:10.747"/>
</test>
<test id="s1-t8" name="Process" line="33">
<kw name="PaymentMethod" library="Appetizers">
<kw name="Wait Until Page Contains Element" library="AppiumLibrary">
<arg>${payatrestaurant}</arg>
<arg>timeout=60s</arg>
<doc>Waits until element specified with `locator` appears on current page.</doc>
<msg timestamp="20250305 14:06:12.429" level="INFO">xpath criteria: //android.widget.TextView[@text=" Pay at"]
xpath criteria: //android.widget.TextView[@text=" Pay at"]
xpath criteria: //android.widget.TextView[@text=" Pay at"]</msg>
<status status="PASS" starttime="20250305 14:06:10.750" endtime="20250305 14:06:12.429"/>
</kw>
<kw name="Click Element" library="AppiumLibrary">
<arg>${payatrestaurant}</arg>
<doc>Click element identified by `locator`.</doc>
<msg timestamp="20250305 14:06:12.437" level="INFO">Clicking element '//android.widget.TextView[@text=" Pay at"]'.</msg>
<msg timestamp="20250305 14:06:12.531" level="INFO">xpath criteria: //android.widget.TextView[@text=" Pay at"]</msg>
<status status="PASS" starttime="20250305 14:06:12.431" endtime="20250305 14:06:12.531"/>
</kw>
<status status="PASS" starttime="20250305 14:06:10.749" endtime="20250305 14:06:12.531"/>
</kw>
<kw name="proceedtocheckout" library="Appetizers">
<kw name="Wait Until Page Contains Element" library="AppiumLibrary">
<arg>${proceedtocheckout}</arg>
<arg>timeout=60s</arg>
<doc>Waits until element specified with `locator` appears on current page.</doc>
<msg timestamp="20250305 14:06:13.223" level="INFO">xpath criteria: //android.widget.TextView[@text="Proceed To Checkout"]
xpath criteria: //android.widget.TextView[@text="Proceed To Checkout"]</msg>
<status status="PASS" starttime="20250305 14:06:12.533" endtime="20250305 14:06:13.223"/>
</kw>
<kw name="Click Element" library="AppiumLibrary">
<arg>${proceedtocheckout}</arg>
<doc>Click element identified by `locator`.</doc>
<msg timestamp="20250305 14:06:13.229" level="INFO">Clicking element '//android.widget.TextView[@text="Proceed To Checkout"]'.</msg>
<msg timestamp="20250305 14:06:13.315" level="INFO">xpath criteria: //android.widget.TextView[@text="Proceed To Checkout"]</msg>
<status status="PASS" starttime="20250305 14:06:13.223" endtime="20250305 14:06:13.315"/>
</kw>
<status status="PASS" starttime="20250305 14:06:12.532" endtime="20250305 14:06:13.315"/>
</kw>
<status status="PASS" starttime="20250305 14:06:10.748" endtime="20250305 14:06:13.316"/>
</test>
<status status="PASS" starttime="20250305 14:05:38.908" endtime="20250305 14:06:13.318"/>
</suite>
<statistics>
<total>
<stat pass="8" fail="0" skip="0">All Tests</stat>
</total>
<tag>
</tag>
<suite>
<stat pass="8" fail="0" skip="0" id="s1" name="Appetizers">Appetizers</stat>
</suite>
</statistics>
<errors>
</errors>
</robot>
